TN:
SF:src/carbonium.ts
FN:7,$
FN:18,(anonymous_9)
FN:21,(anonymous_10)
FN:41,(anonymous_12)
FN:42,(anonymous_13)
FN:58,(anonymous_14)
FN:98,(anonymous_15)
FN:99,(anonymous_16)
FN:107,(anonymous_17)
FNF:9
FNH:8
FNDA:15,$
FNDA:146,(anonymous_9)
FNDA:0,(anonymous_10)
FNDA:4,(anonymous_12)
FNDA:14,(anonymous_13)
FNDA:4,(anonymous_14)
FNDA:7,(anonymous_15)
FNDA:11,(anonymous_16)
FNDA:6,(anonymous_17)
DA:7,1
DA:8,15
DA:11,15
DA:17,1
DA:20,146
DA:21,0
DA:22,0
DA:23,0
DA:29,146
DA:30,4
DA:31,4
DA:32,4
DA:36,142
DA:37,4
DA:39,4
DA:40,4
DA:42,4
DA:43,14
DA:45,4
DA:49,0
DA:54,138
DA:55,59
DA:56,59
DA:57,4
DA:59,4
DA:61,4
DA:62,4
DA:69,134
DA:72,132
DA:73,5
DA:74,5
DA:75,5
DA:77,0
DA:83,2
DA:84,1
DA:85,1
DA:86,1
DA:88,0
DA:94,128
DA:99,7
DA:100,11
DA:102,7
DA:106,1
DA:109,15
DA:110,15
DA:112,6
LF:46
LH:40
BRDA:8,0,0,15
BRDA:8,0,1,15
BRDA:20,1,0,0
BRDA:20,1,1,146
BRDA:22,2,0,0
BRDA:22,2,1,0
BRDA:29,3,0,4
BRDA:29,3,1,142
BRDA:36,4,0,4
BRDA:36,4,1,138
BRDA:39,5,0,4
BRDA:39,5,1,0
BRDA:54,6,0,59
BRDA:54,6,1,79
BRDA:56,7,0,4
BRDA:56,7,1,55
BRDA:61,8,0,3
BRDA:61,8,1,1
BRDA:69,9,0,132
BRDA:69,9,1,2
BRDA:72,10,0,5
BRDA:72,10,1,127
BRDA:74,11,0,5
BRDA:74,11,1,0
BRDA:83,12,0,1
BRDA:83,12,1,1
BRDA:85,13,0,1
BRDA:85,13,1,0
BRF:28
BRH:22
end_of_record
